<html>
<head>
<title>TestNG:  Default test</title>
<link href="../testng.css" rel="stylesheet" type="text/css" />
<link href="../my-testng.css" rel="stylesheet" type="text/css" />

<style type="text/css">
.log { display: none;} 
.stack-trace { display: none;} 
</style>
<script type="text/javascript">
<!--
function flip(e) {
  current = e.style.display;
  if (current == 'block') {
    e.style.display = 'none';
    return 0;
  }
  else {
    e.style.display = 'block';
    return 1;
  }
}

function toggleBox(szDivId, elem, msg1, msg2)
{
  var res = -1;  if (document.getElementById) {
    res = flip(document.getElementById(szDivId));
  }
  else if (document.all) {
    // this is the way old msie versions work
    res = flip(document.all[szDivId]);
  }
  if(elem) {
    if(res == 0) elem.innerHTML = msg1; else elem.innerHTML = msg2;
  }

}

function toggleAllBoxes() {
  if (document.getElementsByTagName) {
    d = document.getElementsByTagName('div');
    for (i = 0; i < d.length; i++) {
      if (d[i].className == 'log') {
        flip(d[i]);
      }
    }
  }
}

// -->
</script>

</head>
<body>
<h2 align='center'>Default test</h2><table border='1' align="center">
<tr>
<td>Tests passed/Failed/Skipped:</td><td>0/1/0</td>
</tr><tr>
<td>Started on:</td><td>Mon May 31 16:57:24 IST 2021</td>
</tr>
<tr><td>Total time:</td><td>21 seconds (21684 ms)</td>
</tr><tr>
<td>Included groups:</td><td></td>
</tr><tr>
<td>Excluded groups:</td><td></td>
</tr>
</table><p/>
<small><i>(Hover the method name to see the test class name)</i></small><p/>
<table width='100%' border='1' class='invocation-failed'>
<tr><td colspan='4' align='center'><b>FAILED TESTS</b></td></tr>
<tr><td><b>Test method</b></td>
<td width="30%"><b>Exception</b></td>
<td width="10%"><b>Time (seconds)</b></td>
<td><b>Instance</b></td>
</tr>
<tr>
<td title='ALLYTests.amazonALLYTest.amazonAllyTest()'><b>amazonAllyTest</b><br>Test class: ALLYTests.amazonALLYTest</td>
<td><div><pre>java.lang.AssertionError: Found 7 accessibility violations:
1) ARIA attributes must conform to valid names: https://dequeuniversity.com/rules/axe/4.2/aria-valid-attr?application=axeAPI
  a) [&quot;.navFooterDescLine&quot;]
    Fix any of the following:
      Invalid ARIA attribute name: aria-lable


2) Alternative text of images should not be repeated as text: https://dequeuniversity.com/rules/axe/4.2/image-redundant-alt?application=axeAPI
  a) [&quot;img[alt=\&quot;Sweatshirts\&quot;]&quot;]
    Fix all of the following:
      Element contains &lt;img&gt; element with alt text that duplicates existing text


  b) [&quot;img[alt=\&quot;Joggers\&quot;]&quot;]
    Fix all of the following:
      Element contains &lt;img&gt; element with alt text that duplicates existing text


  c) [&quot;img[alt=\&quot;Cardigans\&quot;]&quot;]
    Fix all of the following:
      Element contains &lt;img&gt; element with alt text that duplicates existing text


  d) [&quot;img[alt=\&quot;Easy\\ tees\&quot;]&quot;]
    Fix all of the following:
      Element contains &lt;img&gt; element with alt text that duplicates existing text


3) Form elements should have a visible label: https://dequeuniversity.com/rules/axe/4.2/label-title-only?application=axeAPI
  a) [&quot;#searchDropdownBox&quot;]
    Fix all of the following:
      Only title used to generate label for form element


4) Ensures landmarks are unique: https://dequeuniversity.com/rules/axe/4.2/landmark-unique?application=axeAPI
  a) [&quot;#navbar&quot;]
    Fix any of the following:
      The landmark must have a unique aria-label, aria-labelledby, or title to make landmarks distinguishable


5) Links must have discernible text: https://dequeuniversity.com/rules/axe/4.2/link-name?application=axeAPI
  a) [&quot;a[href=\&quot;\\/\\?ref_\\=footer_logo\&quot;]&quot;]
    Fix all of the following:
      Element is in tab order and does not have accessible text

    Fix any of the following:
      Element does not have text that is visible to screen readers
      aria-label attribute does not exist or is empty
      aria-labelledby attribute does not exist, references elements that do not exist or references elements that are empty
      Element has no title attribute


6) Page should contain a level-one heading: https://dequeuniversity.com/rules/axe/4.2/page-has-heading-one?application=axeAPI
  a) [&quot;html&quot;]
    Fix all of the following:
      Page must have a level-one heading


7) All page content should be contained by landmarks: https://dequeuniversity.com/rules/axe/4.2/region?application=axeAPI
  a) [&quot;#skiplink&quot;]
    Fix any of the following:
      Some page content is not contained by landmarks


  b) [&quot;#navBackToTop&quot;]
    Fix any of the following:
      Some page content is not contained by landmarks


  c) [&quot;.navFooterVerticalColumn&quot;]
    Fix any of the following:
      Some page content is not contained by landmarks


  d) [&quot;#icp-touch-link-language &gt; .icp-color-base&quot;]
    Fix any of the following:
      Some page content is not contained by landmarks


  e) [&quot;#icp-touch-link-cop&quot;]
    Fix any of the following:
      Some page content is not contained by landmarks


  f) [&quot;#icp-touch-link-country &gt; .icp-color-base&quot;]
    Fix any of the following:
      Some page content is not contained by landmarks


  g) [&quot;.navFooterCopyright&quot;]
    Fix any of the following:
      Some page content is not contained by landmarks

 expected [true] but found [false]
	at org.testng.Assert.fail(Assert.java:99)
	at org.testng.Assert.failNotEquals(Assert.java:1037)
	at org.testng.Assert.assertTrue(Assert.java:45)
	at ALLYTests.amazonALLYTest.amazonAllyTest(amazonALLYTest.java:44)
	at java.base/jdk.internal.reflect.NativeMethodAccessorImpl.invoke0(Native Method)
	at java.base/jdk.internal.reflect.NativeMethodAccessorImpl.invoke(NativeMethodAccessorImpl.java:62)
	at java.base/jdk.internal.reflect.DelegatingMethodAccessorImpl.invoke(DelegatingMethodAccessorImpl.java:43)
	at java.base/java.lang.reflect.Method.invoke(Method.java:564)
	at org.testng.internal.MethodInvocationHelper.invokeMethod(MethodInvocationHelper.java:133)
	at org.testng.internal.TestInvoker.invokeMethod(TestInvoker.java:598)
	at org.testng.internal.TestInvoker.invokeTestMethod(TestInvoker.java:173)
	at org.testng.internal.MethodRunner.runInSequence(MethodRunner.java:46)
	at org.testng.internal.TestInvoker$MethodInvocationAgent.invoke(TestInvoker.java:824)
	at org.testng.internal.TestInvoker.invokeTestMethods(TestInvoker.java:146)
	at org.testng.internal.TestMethodWorker.invokeTestMethods(TestMethodWorker.java:146)
	at org.testng.internal.TestMethodWorker.run(TestMethodWorker.java:128)
	at java.base/java.util.ArrayList.forEach(ArrayList.java:1511)
	at org.testng.TestRunner.privateRun(TestRunner.java:794)
	at org.testng.TestRunner.run(TestRunner.java:596)
	at org.testng.SuiteRunner.runTest(SuiteRunner.java:377)
	at org.testng.SuiteRunner.access$000(SuiteRunner.java:28)
	at org.testng.SuiteRunner$SuiteWorker.run(SuiteRunner.java:418)
	at org.testng.internal.thread.ThreadUtil.lambda$execute$0(ThreadUtil.java:64)
	at java.base/java.util.concurrent.FutureTask.run(FutureTask.java:264)
	at java.base/java.util.concurrent.ThreadPoolExecutor.runWorker(ThreadPoolExecutor.java:1130)
	at java.base/java.util.concurrent.ThreadPoolExecutor$Worker.run(ThreadPoolExecutor.java:630)
	at java.base/java.lang.Thread.run(Thread.java:832)
</pre></div><a href='#' onClick='toggleBox("stack-trace418887663", this, "Click to show all stack frames", "Click to hide stack frames")'>Click to show all stack frames</a>
<div class='stack-trace' id='stack-trace418887663'><pre>java.lang.AssertionError: Found 7 accessibility violations:
1) ARIA attributes must conform to valid names: https://dequeuniversity.com/rules/axe/4.2/aria-valid-attr?application=axeAPI
  a) [&quot;.navFooterDescLine&quot;]
    Fix any of the following:
      Invalid ARIA attribute name: aria-lable


2) Alternative text of images should not be repeated as text: https://dequeuniversity.com/rules/axe/4.2/image-redundant-alt?application=axeAPI
  a) [&quot;img[alt=\&quot;Sweatshirts\&quot;]&quot;]
    Fix all of the following:
      Element contains &lt;img&gt; element with alt text that duplicates existing text


  b) [&quot;img[alt=\&quot;Joggers\&quot;]&quot;]
    Fix all of the following:
      Element contains &lt;img&gt; element with alt text that duplicates existing text


  c) [&quot;img[alt=\&quot;Cardigans\&quot;]&quot;]
    Fix all of the following:
      Element contains &lt;img&gt; element with alt text that duplicates existing text


  d) [&quot;img[alt=\&quot;Easy\\ tees\&quot;]&quot;]
    Fix all of the following:
      Element contains &lt;img&gt; element with alt text that duplicates existing text


3) Form elements should have a visible label: https://dequeuniversity.com/rules/axe/4.2/label-title-only?application=axeAPI
  a) [&quot;#searchDropdownBox&quot;]
    Fix all of the following:
      Only title used to generate label for form element


4) Ensures landmarks are unique: https://dequeuniversity.com/rules/axe/4.2/landmark-unique?application=axeAPI
  a) [&quot;#navbar&quot;]
    Fix any of the following:
      The landmark must have a unique aria-label, aria-labelledby, or title to make landmarks distinguishable


5) Links must have discernible text: https://dequeuniversity.com/rules/axe/4.2/link-name?application=axeAPI
  a) [&quot;a[href=\&quot;\\/\\?ref_\\=footer_logo\&quot;]&quot;]
    Fix all of the following:
      Element is in tab order and does not have accessible text

    Fix any of the following:
      Element does not have text that is visible to screen readers
      aria-label attribute does not exist or is empty
      aria-labelledby attribute does not exist, references elements that do not exist or references elements that are empty
      Element has no title attribute


6) Page should contain a level-one heading: https://dequeuniversity.com/rules/axe/4.2/page-has-heading-one?application=axeAPI
  a) [&quot;html&quot;]
    Fix all of the following:
      Page must have a level-one heading


7) All page content should be contained by landmarks: https://dequeuniversity.com/rules/axe/4.2/region?application=axeAPI
  a) [&quot;#skiplink&quot;]
    Fix any of the following:
      Some page content is not contained by landmarks


  b) [&quot;#navBackToTop&quot;]
    Fix any of the following:
      Some page content is not contained by landmarks


  c) [&quot;.navFooterVerticalColumn&quot;]
    Fix any of the following:
      Some page content is not contained by landmarks


  d) [&quot;#icp-touch-link-language &gt; .icp-color-base&quot;]
    Fix any of the following:
      Some page content is not contained by landmarks


  e) [&quot;#icp-touch-link-cop&quot;]
    Fix any of the following:
      Some page content is not contained by landmarks


  f) [&quot;#icp-touch-link-country &gt; .icp-color-base&quot;]
    Fix any of the following:
      Some page content is not contained by landmarks


  g) [&quot;.navFooterCopyright&quot;]
    Fix any of the following:
      Some page content is not contained by landmarks

 expected [true] but found [false]
	at org.testng.Assert.fail(Assert.java:99)
	at org.testng.Assert.failNotEquals(Assert.java:1037)
	at org.testng.Assert.assertTrue(Assert.java:45)
	at ALLYTests.amazonALLYTest.amazonAllyTest(amazonALLYTest.java:44)
	at java.base/jdk.internal.reflect.NativeMethodAccessorImpl.invoke0(Native Method)
	at java.base/jdk.internal.reflect.NativeMethodAccessorImpl.invoke(NativeMethodAccessorImpl.java:62)
	at java.base/jdk.internal.reflect.DelegatingMethodAccessorImpl.invoke(DelegatingMethodAccessorImpl.java:43)
	at java.base/java.lang.reflect.Method.invoke(Method.java:564)
	at org.testng.internal.MethodInvocationHelper.invokeMethod(MethodInvocationHelper.java:133)
	at org.testng.internal.TestInvoker.invokeMethod(TestInvoker.java:598)
	at org.testng.internal.TestInvoker.invokeTestMethod(TestInvoker.java:173)
	at org.testng.internal.MethodRunner.runInSequence(MethodRunner.java:46)
	at org.testng.internal.TestInvoker$MethodInvocationAgent.invoke(TestInvoker.java:824)
	at org.testng.internal.TestInvoker.invokeTestMethods(TestInvoker.java:146)
	at org.testng.internal.TestMethodWorker.invokeTestMethods(TestMethodWorker.java:146)
	at org.testng.internal.TestMethodWorker.run(TestMethodWorker.java:128)
	at java.base/java.util.ArrayList.forEach(ArrayList.java:1511)
	at org.testng.TestRunner.privateRun(TestRunner.java:794)
	at org.testng.TestRunner.run(TestRunner.java:596)
	at org.testng.SuiteRunner.runTest(SuiteRunner.java:377)
	at org.testng.SuiteRunner.access$000(SuiteRunner.java:28)
	at org.testng.SuiteRunner$SuiteWorker.run(SuiteRunner.java:418)
	at org.testng.internal.thread.ThreadUtil.lambda$execute$0(ThreadUtil.java:64)
	at java.base/java.util.concurrent.FutureTask.run(FutureTask.java:264)
	at java.base/java.util.concurrent.ThreadPoolExecutor.runWorker(ThreadPoolExecutor.java:1130)
	at java.base/java.util.concurrent.ThreadPoolExecutor$Worker.run(ThreadPoolExecutor.java:630)
	at java.base/java.lang.Thread.run(Thread.java:832)
</pre></div></td>
<td>8</td>
<td>ALLYTests.amazonALLYTest@5403f35f</td></tr>
</table><p>
</body>
</html>