<?xml version="1.0" encoding="UTF-8"?>
<!-- Generated by org.testng.reporters.JUnitReportReporter -->
<testsuite hostname="LAPTOP-G878NDMQ" failures="1" tests="1" name="ALLYTests.amazonALLYTest" time="21.624" errors="0" timestamp="2021-05-31T16:57:46 IST" skipped="0">
  <testcase classname="ALLYTests.amazonALLYTest" name="amazonAllyTest" time="21.624">
    <failure message="Found 7 accessibility violations:
1) ARIA attributes must conform to valid names: https://dequeuniversity.com/rules/axe/4.2/aria-valid-attr?application=axeAPI
  a) [&quot;.navFooterDescLine&quot;]
    Fix any of the following:
      Invalid ARIA attribute name: aria-lable


2) Alternative text of images should not be repeated as text: https://dequeuniversity.com/rules/axe/4.2/image-redundant-alt?application=axeAPI
  a) [&quot;img[alt=\&quot;Sweatshirts\&quot;]&quot;]
    Fix all of the following:
      Element contains &lt;img&gt; element with alt text that duplicates existing text


  b) [&quot;img[alt=\&quot;Joggers\&quot;]&quot;]
    Fix all of the following:
      Element contains &lt;img&gt; element with alt text that duplicates existing text


  c) [&quot;img[alt=\&quot;Cardigans\&quot;]&quot;]
    Fix all of the following:
      Element contains &lt;img&gt; element with alt text that duplicates existing text


  d) [&quot;img[alt=\&quot;Easy\\ tees\&quot;]&quot;]
    Fix all of the following:
      Element contains &lt;img&gt; element with alt text that duplicates existing text


3) Form elements should have a visible label: https://dequeuniversity.com/rules/axe/4.2/label-title-only?application=axeAPI
  a) [&quot;#searchDropdownBox&quot;]
    Fix all of the following:
      Only title used to generate label for form element


4) Ensures landmarks are unique: https://dequeuniversity.com/rules/axe/4.2/landmark-unique?application=axeAPI
  a) [&quot;#navbar&quot;]
    Fix any of the following:
      The landmark must have a unique aria-label, aria-labelledby, or title to make landmarks distinguishable


5) Links must have discernible text: https://dequeuniversity.com/rules/axe/4.2/link-name?application=axeAPI
  a) [&quot;a[href=\&quot;\\/\\?ref_\\=footer_logo\&quot;]&quot;]
    Fix all of the following:
      Element is in tab order and does not have accessible text

    Fix any of the following:
      Element does not have text that is visible to screen readers
      aria-label attribute does not exist or is empty
      aria-labelledby attribute does not exist, references elements that do not exist or references elements that are empty
      Element has no title attribute


6) Page should contain a level-one heading: https://dequeuniversity.com/rules/axe/4.2/page-has-heading-one?application=axeAPI
  a) [&quot;html&quot;]
    Fix all of the following:
      Page must have a level-one heading


7) All page content should be contained by landmarks: https://dequeuniversity.com/rules/axe/4.2/region?application=axeAPI
  a) [&quot;#skiplink&quot;]
    Fix any of the following:
      Some page content is not contained by landmarks


  b) [&quot;#navBackToTop&quot;]
    Fix any of the following:
      Some page content is not contained by landmarks


  c) [&quot;.navFooterVerticalColumn&quot;]
    Fix any of the following:
      Some page content is not contained by landmarks


  d) [&quot;#icp-touch-link-language &gt; .icp-color-base&quot;]
    Fix any of the following:
      Some page content is not contained by landmarks


  e) [&quot;#icp-touch-link-cop&quot;]
    Fix any of the following:
      Some page content is not contained by landmarks


  f) [&quot;#icp-touch-link-country &gt; .icp-color-base&quot;]
    Fix any of the following:
      Some page content is not contained by landmarks


  g) [&quot;.navFooterCopyright&quot;]
    Fix any of the following:
      Some page content is not contained by landmarks

 expected [true] but found [false]" type="java.lang.AssertionError">
      <![CDATA[java.lang.AssertionError: Found 7 accessibility violations:
1) ARIA attributes must conform to valid names: https://dequeuniversity.com/rules/axe/4.2/aria-valid-attr?application=axeAPI
  a) [".navFooterDescLine"]
    Fix any of the following:
      Invalid ARIA attribute name: aria-lable


2) Alternative text of images should not be repeated as text: https://dequeuniversity.com/rules/axe/4.2/image-redundant-alt?application=axeAPI
  a) ["img[alt=\"Sweatshirts\"]"]
    Fix all of the following:
      Element contains <img> element with alt text that duplicates existing text


  b) ["img[alt=\"Joggers\"]"]
    Fix all of the following:
      Element contains <img> element with alt text that duplicates existing text


  c) ["img[alt=\"Cardigans\"]"]
    Fix all of the following:
      Element contains <img> element with alt text that duplicates existing text


  d) ["img[alt=\"Easy\\ tees\"]"]
    Fix all of the following:
      Element contains <img> element with alt text that duplicates existing text


3) Form elements should have a visible label: https://dequeuniversity.com/rules/axe/4.2/label-title-only?application=axeAPI
  a) ["#searchDropdownBox"]
    Fix all of the following:
      Only title used to generate label for form element


4) Ensures landmarks are unique: https://dequeuniversity.com/rules/axe/4.2/landmark-unique?application=axeAPI
  a) ["#navbar"]
    Fix any of the following:
      The landmark must have a unique aria-label, aria-labelledby, or title to make landmarks distinguishable


5) Links must have discernible text: https://dequeuniversity.com/rules/axe/4.2/link-name?application=axeAPI
  a) ["a[href=\"\\/\\?ref_\\=footer_logo\"]"]
    Fix all of the following:
      Element is in tab order and does not have accessible text

    Fix any of the following:
      Element does not have text that is visible to screen readers
      aria-label attribute does not exist or is empty
      aria-labelledby attribute does not exist, references elements that do not exist or references elements that are empty
      Element has no title attribute


6) Page should contain a level-one heading: https://dequeuniversity.com/rules/axe/4.2/page-has-heading-one?application=axeAPI
  a) ["html"]
    Fix all of the following:
      Page must have a level-one heading


7) All page content should be contained by landmarks: https://dequeuniversity.com/rules/axe/4.2/region?application=axeAPI
  a) ["#skiplink"]
    Fix any of the following:
      Some page content is not contained by landmarks


  b) ["#navBackToTop"]
    Fix any of the following:
      Some page content is not contained by landmarks


  c) [".navFooterVerticalColumn"]
    Fix any of the following:
      Some page content is not contained by landmarks


  d) ["#icp-touch-link-language > .icp-color-base"]
    Fix any of the following:
      Some page content is not contained by landmarks


  e) ["#icp-touch-link-cop"]
    Fix any of the following:
      Some page content is not contained by landmarks


  f) ["#icp-touch-link-country > .icp-color-base"]
    Fix any of the following:
      Some page content is not contained by landmarks


  g) [".navFooterCopyright"]
    Fix any of the following:
      Some page content is not contained by landmarks

 expected [true] but found [false]
at org.testng.Assert.fail(Assert.java:99)
at org.testng.Assert.failNotEquals(Assert.java:1037)
at org.testng.Assert.assertTrue(Assert.java:45)
at ALLYTests.amazonALLYTest.amazonAllyTest(amazonALLYTest.java:44)
at java.base/jdk.internal.reflect.NativeMethodAccessorImpl.invoke0(Native Method)
at java.base/jdk.internal.reflect.NativeMethodAccessorImpl.invoke(NativeMethodAccessorImpl.java:62)
at java.base/jdk.internal.reflect.DelegatingMethodAccessorImpl.invoke(DelegatingMethodAccessorImpl.java:43)
at java.base/java.lang.reflect.Method.invoke(Method.java:564)
at org.testng.internal.MethodInvocationHelper.invokeMethod(MethodInvocationHelper.java:133)
at org.testng.internal.TestInvoker.invokeMethod(TestInvoker.java:598)
at org.testng.internal.TestInvoker.invokeTestMethod(TestInvoker.java:173)
at org.testng.internal.MethodRunner.runInSequence(MethodRunner.java:46)
at org.testng.internal.TestInvoker$MethodInvocationAgent.invoke(TestInvoker.java:824)
at org.testng.internal.TestInvoker.invokeTestMethods(TestInvoker.java:146)
at org.testng.internal.TestMethodWorker.invokeTestMethods(TestMethodWorker.java:146)
at org.testng.internal.TestMethodWorker.run(TestMethodWorker.java:128)
at java.base/java.util.ArrayList.forEach(ArrayList.java:1511)
at org.testng.TestRunner.privateRun(TestRunner.java:794)
at org.testng.TestRunner.run(TestRunner.java:596)
at org.testng.SuiteRunner.runTest(SuiteRunner.java:377)
at org.testng.SuiteRunner.access$000(SuiteRunner.java:28)
at org.testng.SuiteRunner$SuiteWorker.run(SuiteRunner.java:418)
at org.testng.internal.thread.ThreadUtil.lambda$execute$0(ThreadUtil.java:64)
at java.base/java.util.concurrent.FutureTask.run(FutureTask.java:264)
at java.base/java.util.concurrent.ThreadPoolExecutor.runWorker(ThreadPoolExecutor.java:1130)
at java.base/java.util.concurrent.ThreadPoolExecutor$Worker.run(ThreadPoolExecutor.java:630)
at java.base/java.lang.Thread.run(Thread.java:832)
]]>
    </failure>
  </testcase> <!-- amazonAllyTest -->
  <system-out/>
</testsuite> <!-- ALLYTests.amazonALLYTest -->
